0.09   5.40
0.17  10.20
0.26  15.60
0.36  21.60
0.45  27.00
0.55  33.00
0.64  38.40
0.72  43.20
Diff dropped at  Sat Feb 12 16:05:26 EST 2000
0.09   5.40
0.17  10.20
0.26  15.60
0.37  22.20
0.45  27.00
0.54  32.40
0.65  39.00
0.73  43.80
0.82  49.20
0.93  55.80
1.01  60.60
Diff dropped at  Sat Feb 12 16:06:25 EST 2000
0.02   1.20
0.13   7.80
0.22  13.20
0.31  18.60
0.41  24.60
0.50  30.00
0.59  35.40
0.70  42.00
0.79  47.40
0.88  52.80
Diff dropped at  Sat Feb 12 16:07:18 EST 2000
0.03   1.80
0.12   7.20
0.21  12.60
0.31  18.60
0.40  24.00
0.49  29.40
0.59  35.40
0.68  40.80
0.77  46.20
0.87  52.20
0.96  57.60
1.05  63.00
1.15  69.00
1.24  74.40
1.33  79.80
1.43  85.80
1.52  91.20
1.61  96.60
1.71 102.60
1.80 108.00
Diff dropped at  Sat Feb 12 16:09:05 EST 2000
0.00   0.00
0.10   6.00
0.19  11.40
0.29  17.40
0.38  22.80
0.46  27.60
0.56  33.60
0.65  39.00
0.74  44.40
Diff dropped at  Sat Feb 12 16:09:53 EST 2000
0.09   5.40
0.18  10.80
0.27  16.20
0.37  22.20
0.46  27.60
0.55  33.00
0.65  39.00
0.74  44.40
0.83  49.80
